[2025/12/23 19:31:55]: §9          __             _       
[2025/12/23 19:31:55]: §9  _ __   / /  ___   __ _(_)_ __  
[2025/12/23 19:31:55]: §9 | '_ \ / /  / _ \ / _` | | '_ \ 
[2025/12/23 19:31:55]: §9 | | | / /__| (_) | (_| | | | | |
[2025/12/23 19:31:55]: §9 |_| |_\____/\___/ \__, |_|_| |_|
[2025/12/23 19:31:55]: §9                  |___/            
[2025/12/23 19:31:55]: §9 By: www.nickuc.com - V 10.4.23
[2025/12/23 19:31:55]: §9 
[2025/12/23 19:31:55]: §3[nLogin] [DEBUG] All settings were loaded in 160 ms.
[2025/12/23 19:31:56]: §3[nLogin] [DEBUG] Loading the messages_es.yml message file...
[2025/12/23 19:31:56]: §3[nLogin] [DEBUG] All plugin messages were loaded in 76 ms (languageByClient=false).
[2025/12/23 19:31:56]: §3[nLogin] [DEBUG] All proxy settings were loaded in 5 ms.
[2025/12/23 19:31:56]: §3[nLogin] [DEBUG] Loading database...
[2025/12/23 19:31:56]: §3[nLogin] [DEBUG] Starting logger filter...
[2025/12/23 19:37:27]: §3[nLogin] [DEBUG] [SQLite] [UPDATE]: "UPDATE `nlogin` SET `last_name` = 'Cherry', `unique_id` = 0c66c486cd8f3b0e898a86e67438beef,  `mojang_id` = null,  `bedrock_id` = null,  `password` = '$2a$10$wRw996HBz9rwQS1kM5BX0ulbhcFuH8rpeJxLj1I2KUxlOQr85xxZa', `last_ip` = '100.68.34.77', `creation_date` = 2025-12-13 17:45:27.879, `last_seen` = 2025-12-23 19:37:27.697, `email` = null, `discord` = null, `settings` = '{"settings":[{"value":"es","key":"language"}],"version":0}' WHERE `ai` = 5" (applied to [last_ip, last_seen, settings] columns)
[2025/12/23 19:37:27]: [nLogin] The user Cherry has successfully logged in.
[2025/12/23 20:02:11]: §3[nLogin] [DEBUG] [SQLite] [UPDATE]: "UPDATE `nlogin` SET `last_name` = 'Cherry', `unique_id` = 0c66c486cd8f3b0e898a86e67438beef,  `mojang_id` = null,  `bedrock_id` = null,  `password` = '$2a$10$wRw996HBz9rwQS1kM5BX0ulbhcFuH8rpeJxLj1I2KUxlOQr85xxZa', `last_ip` = '100.68.34.77', `creation_date` = 2025-12-13 17:45:27.879, `last_seen` = 2025-12-23 20:02:11.716, `email` = null, `discord` = null, `settings` = '{"settings":[{"value":"es","key":"language"}],"version":0}' WHERE `ai` = 5" (applied to [last_seen, settings] columns)
[2025/12/23 20:02:43]: §3[nLogin] [DEBUG] [SQLite] [UPDATE]: "UPDATE `nlogin` SET `last_name` = 'Cherry', `unique_id` = 0c66c486cd8f3b0e898a86e67438beef,  `mojang_id` = null,  `bedrock_id` = null,  `password` = '$2a$10$wRw996HBz9rwQS1kM5BX0ulbhcFuH8rpeJxLj1I2KUxlOQr85xxZa', `last_ip` = '100.68.34.77', `creation_date` = 2025-12-13 17:45:27.879, `last_seen` = 2025-12-23 20:02:43.817, `email` = null, `discord` = null, `settings` = '{"settings":[{"value":"es","key":"language"}],"version":0}' WHERE `ai` = 5" (applied to [last_ip, last_seen, settings] columns)
[2025/12/23 20:02:43]: [nLogin] The user Cherry has successfully logged in.
[2025/12/23 20:28:46]: §3[nLogin] [DEBUG] [SQLite] [UPDATE]: "UPDATE `nlogin` SET `last_name` = 'Cherry', `unique_id` = 0c66c486cd8f3b0e898a86e67438beef,  `mojang_id` = null,  `bedrock_id` = null,  `password` = '$2a$10$wRw996HBz9rwQS1kM5BX0ulbhcFuH8rpeJxLj1I2KUxlOQr85xxZa', `last_ip` = '100.68.34.77', `creation_date` = 2025-12-13 17:45:27.879, `last_seen` = 2025-12-23 20:28:46.21, `email` = null, `discord` = null, `settings` = '{"settings":[{"value":"es","key":"language"}],"version":0}' WHERE `ai` = 5" (applied to [last_seen, settings] columns)
[2025/12/23 20:29:22]: [nLogin] Successful plugin core shutdown (took 0.00s)
