[2025/12/25 00:49:50]: §9          __             _       
[2025/12/25 00:49:50]: §9  _ __   / /  ___   __ _(_)_ __  
[2025/12/25 00:49:50]: §9 | '_ \ / /  / _ \ / _` | | '_ \ 
[2025/12/25 00:49:50]: §9 | | | / /__| (_) | (_| | | | | |
[2025/12/25 00:49:51]: §9 |_| |_\____/\___/ \__, |_|_| |_|
[2025/12/25 00:49:51]: §9                  |___/            
[2025/12/25 00:49:51]: §9 By: www.nickuc.com - V 10.4.23
[2025/12/25 00:49:51]: §9 
[2025/12/25 00:49:51]: §3[nLogin] [DEBUG] All settings were loaded in 231 ms.
[2025/12/25 00:49:51]: §3[nLogin] [DEBUG] Loading the messages_es.yml message file...
[2025/12/25 00:49:51]: §3[nLogin] [DEBUG] All plugin messages were loaded in 81 ms (languageByClient=false).
[2025/12/25 00:49:51]: §3[nLogin] [DEBUG] All proxy settings were loaded in 4 ms.
[2025/12/25 00:49:51]: §3[nLogin] [DEBUG] Loading database...
[2025/12/25 00:49:52]: §3[nLogin] [DEBUG] Starting logger filter...
[2025/12/25 00:52:49]: §3[nLogin] [DEBUG] [SQLite] [UPDATE]: "UPDATE `nlogin` SET `last_name` = 'Cherry', `unique_id` = 0c66c486cd8f3b0e898a86e67438beef,  `mojang_id` = null,  `bedrock_id` = null,  `password` = '$2a$10$wRw996HBz9rwQS1kM5BX0ulbhcFuH8rpeJxLj1I2KUxlOQr85xxZa', `last_ip` = '100.68.34.77', `creation_date` = 2025-12-13 17:45:27.879, `last_seen` = 2025-12-25 00:52:49.245, `email` = null, `discord` = null, `settings` = '{"settings":[{"value":"es","key":"language"}],"version":0}' WHERE `ai` = 5" (applied to [last_ip, last_seen, settings] columns)
[2025/12/25 00:52:49]: [nLogin] The user Cherry has successfully logged in.
[2025/12/25 00:53:17]: §3[nLogin] [DEBUG] [SQLite] [UPDATE]: "UPDATE `nlogin` SET `last_name` = 'Cherry', `unique_id` = 0c66c486cd8f3b0e898a86e67438beef,  `mojang_id` = null,  `bedrock_id` = null,  `password` = '$2a$10$wRw996HBz9rwQS1kM5BX0ulbhcFuH8rpeJxLj1I2KUxlOQr85xxZa', `last_ip` = '100.68.34.77', `creation_date` = 2025-12-13 17:45:27.879, `last_seen` = 2025-12-25 00:53:17.572, `email` = null, `discord` = null, `settings` = '{"settings":[{"value":"es","key":"language"}],"version":0}' WHERE `ai` = 5" (applied to [last_seen, settings] columns)
[2025/12/25 00:53:47]: §3[nLogin] [DEBUG] [SQLite] [UPDATE]: "UPDATE `nlogin` SET `last_name` = 'Cherry', `unique_id` = 0c66c486cd8f3b0e898a86e67438beef,  `mojang_id` = null,  `bedrock_id` = null,  `password` = '$2a$10$wRw996HBz9rwQS1kM5BX0ulbhcFuH8rpeJxLj1I2KUxlOQr85xxZa', `last_ip` = '100.68.34.77', `creation_date` = 2025-12-13 17:45:27.879, `last_seen` = 2025-12-25 00:53:47.517, `email` = null, `discord` = null, `settings` = '{"settings":[{"value":"es","key":"language"}],"version":0}' WHERE `ai` = 5" (applied to [last_ip, last_seen, settings] columns)
[2025/12/25 00:53:47]: [nLogin] The user Cherry has successfully logged in.
[2025/12/25 01:01:57]: [nLogin] Successful plugin core shutdown (took 0.00s)
