[2025/12/30 19:10:53]: §9          __             _       
[2025/12/30 19:10:53]: §9  _ __   / /  ___   __ _(_)_ __  
[2025/12/30 19:10:53]: §9 | '_ \ / /  / _ \ / _` | | '_ \ 
[2025/12/30 19:10:53]: §9 | | | / /__| (_) | (_| | | | | |
[2025/12/30 19:10:53]: §9 |_| |_\____/\___/ \__, |_|_| |_|
[2025/12/30 19:10:53]: §9                  |___/            
[2025/12/30 19:10:53]: §9 By: www.nickuc.com - V 10.4.23
[2025/12/30 19:10:53]: §9 
[2025/12/30 19:10:54]: §3[nLogin] [DEBUG] All settings were loaded in 168 ms.
[2025/12/30 19:10:54]: §3[nLogin] [DEBUG] Loading the messages_es.yml message file...
[2025/12/30 19:10:54]: §3[nLogin] [DEBUG] All plugin messages were loaded in 78 ms (languageByClient=false).
[2025/12/30 19:10:54]: §3[nLogin] [DEBUG] All proxy settings were loaded in 7 ms.
[2025/12/30 19:10:54]: §3[nLogin] [DEBUG] Loading database...
[2025/12/30 19:10:54]: §3[nLogin] [DEBUG] Starting logger filter...
[2025/12/30 19:13:11]: §3[nLogin] [DEBUG] [SQLite] [UPDATE]: "UPDATE `nlogin` SET `last_name` = 'Mdinqt', `unique_id` = f1afec0ddcc839178765ef5f0051b637,  `mojang_id` = null,  `bedrock_id` = null,  `password` = '$2a$10$kZ4bPIg7VGvwr2DBUtD9euUajnmpFFDhRAHyt/DfISPS/twL7ECsG', `last_ip` = '100.68.34.77', `creation_date` = 2024-12-14 16:55:52.09, `last_seen` = 2025-12-30 19:13:11.162, `email` = null, `discord` = null, `settings` = '{"settings":[{"value":"es","key":"language"}],"version":0}' WHERE `ai` = 1" (applied to [last_ip, last_seen, settings] columns)
[2025/12/30 19:13:11]: [nLogin] The user Mdinqt has successfully logged in.
[2025/12/30 19:44:31]: §3[nLogin] [DEBUG] [SQLite] [UPDATE]: "UPDATE `nlogin` SET `last_name` = 'Mdinqt', `unique_id` = f1afec0ddcc839178765ef5f0051b637,  `mojang_id` = null,  `bedrock_id` = null,  `password` = '$2a$10$kZ4bPIg7VGvwr2DBUtD9euUajnmpFFDhRAHyt/DfISPS/twL7ECsG', `last_ip` = '100.68.34.77', `creation_date` = 2024-12-14 16:55:52.09, `last_seen` = 2025-12-30 19:44:31.96, `email` = null, `discord` = null, `settings` = '{"settings":[{"value":"es","key":"language"}],"version":0}' WHERE `ai` = 1" (applied to [last_seen, settings] columns)
[2025/12/30 19:45:03]: §3[nLogin] [DEBUG] [SQLite] [UPDATE]: "UPDATE `nlogin` SET `last_name` = 'Mdinqt', `unique_id` = f1afec0ddcc839178765ef5f0051b637,  `mojang_id` = null,  `bedrock_id` = null,  `password` = '$2a$10$kZ4bPIg7VGvwr2DBUtD9euUajnmpFFDhRAHyt/DfISPS/twL7ECsG', `last_ip` = '100.68.34.77', `creation_date` = 2024-12-14 16:55:52.09, `last_seen` = 2025-12-30 19:45:03.374, `email` = null, `discord` = null, `settings` = '{"settings":[{"value":"es","key":"language"}],"version":0}' WHERE `ai` = 1" (applied to [last_ip, last_seen, settings] columns)
[2025/12/30 19:45:03]: [nLogin] The user Mdinqt has successfully logged in.
[2025/12/30 21:00:00]: §3[nLogin] [DEBUG] [SQLite] [UPDATE]: "UPDATE `nlogin` SET `last_name` = 'Mdinqt', `unique_id` = f1afec0ddcc839178765ef5f0051b637,  `mojang_id` = null,  `bedrock_id` = null,  `password` = '$2a$10$kZ4bPIg7VGvwr2DBUtD9euUajnmpFFDhRAHyt/DfISPS/twL7ECsG', `last_ip` = '100.68.34.77', `creation_date` = 2024-12-14 16:55:52.09, `last_seen` = 2025-12-30 21:00:00.872, `email` = null, `discord` = null, `settings` = '{"settings":[{"value":"es","key":"language"}],"version":0}' WHERE `ai` = 1" (applied to [last_seen, settings] columns)
[2025/12/30 21:00:02]: [nLogin] Successful plugin core shutdown (took 0.00s)
