[2026/01/08 16:17:33]: §9          __             _       
[2026/01/08 16:17:33]: §9  _ __   / /  ___   __ _(_)_ __  
[2026/01/08 16:17:33]: §9 | '_ \ / /  / _ \ / _` | | '_ \ 
[2026/01/08 16:17:33]: §9 | | | / /__| (_) | (_| | | | | |
[2026/01/08 16:17:33]: §9 |_| |_\____/\___/ \__, |_|_| |_|
[2026/01/08 16:17:33]: §9                  |___/            
[2026/01/08 16:17:33]: §9 By: www.nickuc.com - V 10.4.23
[2026/01/08 16:17:33]: §9 
[2026/01/08 16:17:33]: §3[nLogin] [DEBUG] All settings were loaded in 230 ms.
[2026/01/08 16:17:33]: §3[nLogin] [DEBUG] Loading the messages_es.yml message file...
[2026/01/08 16:17:33]: §3[nLogin] [DEBUG] All plugin messages were loaded in 71 ms (languageByClient=false).
[2026/01/08 16:17:33]: §3[nLogin] [DEBUG] All proxy settings were loaded in 4 ms.
[2026/01/08 16:17:33]: §3[nLogin] [DEBUG] Loading database...
[2026/01/08 16:17:34]: §3[nLogin] [DEBUG] Starting logger filter...
[2026/01/08 16:20:05]: §3[nLogin] [DEBUG] [SQLite] [UPDATE]: "UPDATE `nlogin` SET `last_name` = 'Mdinqt', `unique_id` = f1afec0ddcc839178765ef5f0051b637,  `mojang_id` = null,  `bedrock_id` = null,  `password` = '$2a$10$kZ4bPIg7VGvwr2DBUtD9euUajnmpFFDhRAHyt/DfISPS/twL7ECsG', `last_ip` = '100.68.34.77', `creation_date` = 2024-12-14 16:55:52.09, `last_seen` = 2026-01-08 16:20:05.925, `email` = null, `discord` = null, `settings` = '{"settings":[{"value":"es","key":"language"}],"version":0}' WHERE `ai` = 1" (applied to [last_ip, last_seen, settings] columns)
[2026/01/08 16:20:05]: [nLogin] The user Mdinqt has successfully logged in.
[2026/01/08 16:24:23]: §3[nLogin] [DEBUG] [SQLite] [UPDATE]: "UPDATE `nlogin` SET `last_name` = 'Mdinqt', `unique_id` = f1afec0ddcc839178765ef5f0051b637,  `mojang_id` = null,  `bedrock_id` = null,  `password` = '$2a$10$kZ4bPIg7VGvwr2DBUtD9euUajnmpFFDhRAHyt/DfISPS/twL7ECsG', `last_ip` = '100.68.34.77', `creation_date` = 2024-12-14 16:55:52.09, `last_seen` = 2026-01-08 16:24:23.505, `email` = null, `discord` = null, `settings` = '{"settings":[{"value":"es","key":"language"}],"version":0}' WHERE `ai` = 1" (applied to [last_seen, settings] columns)
[2026/01/08 16:26:22]: §3[nLogin] [DEBUG] [SQLite] [UPDATE]: "UPDATE `nlogin` SET `last_name` = 'Mdinqt', `unique_id` = f1afec0ddcc839178765ef5f0051b637,  `mojang_id` = null,  `bedrock_id` = null,  `password` = '$2a$10$kZ4bPIg7VGvwr2DBUtD9euUajnmpFFDhRAHyt/DfISPS/twL7ECsG', `last_ip` = '100.68.34.77', `creation_date` = 2024-12-14 16:55:52.09, `last_seen` = 2026-01-08 16:26:22.286, `email` = null, `discord` = null, `settings` = '{"settings":[{"value":"es","key":"language"}],"version":0}' WHERE `ai` = 1" (applied to [last_ip, last_seen, settings] columns)
[2026/01/08 16:26:22]: [nLogin] The user Mdinqt has successfully logged in.
[2026/01/08 17:22:27]: [nLogin] Successful plugin core shutdown (took 0.00s)
