[2026/01/05 23:07:41]: §9          __             _       
[2026/01/05 23:07:41]: §9  _ __   / /  ___   __ _(_)_ __  
[2026/01/05 23:07:41]: §9 | '_ \ / /  / _ \ / _` | | '_ \ 
[2026/01/05 23:07:41]: §9 | | | / /__| (_) | (_| | | | | |
[2026/01/05 23:07:41]: §9 |_| |_\____/\___/ \__, |_|_| |_|
[2026/01/05 23:07:41]: §9                  |___/            
[2026/01/05 23:07:41]: §9 By: www.nickuc.com - V 10.4.23
[2026/01/05 23:07:41]: §9 
[2026/01/05 23:07:42]: §3[nLogin] [DEBUG] All settings were loaded in 484 ms.
[2026/01/05 23:07:42]: §3[nLogin] [DEBUG] Loading the messages_es.yml message file...
[2026/01/05 23:07:42]: §3[nLogin] [DEBUG] All plugin messages were loaded in 119 ms (languageByClient=false).
[2026/01/05 23:07:42]: §3[nLogin] [DEBUG] All proxy settings were loaded in 3 ms.
[2026/01/05 23:07:42]: §3[nLogin] [DEBUG] Loading database...
[2026/01/05 23:07:42]: §3[nLogin] [DEBUG] Starting logger filter...
[2026/01/05 23:09:47]: §3[nLogin] [DEBUG] [SQLite] [UPDATE]: "UPDATE `nlogin` SET `last_name` = 'Mdinqt', `unique_id` = f1afec0ddcc839178765ef5f0051b637,  `mojang_id` = null,  `bedrock_id` = null,  `password` = '$2a$10$kZ4bPIg7VGvwr2DBUtD9euUajnmpFFDhRAHyt/DfISPS/twL7ECsG', `last_ip` = '100.68.34.77', `creation_date` = 2024-12-14 16:55:52.09, `last_seen` = 2026-01-05 23:09:47.03, `email` = null, `discord` = null, `settings` = '{"settings":[{"value":"es","key":"language"}],"version":0}' WHERE `ai` = 1" (applied to [last_ip, last_seen, settings] columns)
[2026/01/05 23:09:47]: [nLogin] The user Mdinqt has successfully logged in.
[2026/01/05 23:31:03]: §3[nLogin] [DEBUG] [SQLite] [UPDATE]: "UPDATE `nlogin` SET `last_name` = 'Mdinqt', `unique_id` = f1afec0ddcc839178765ef5f0051b637,  `mojang_id` = null,  `bedrock_id` = null,  `password` = '$2a$10$kZ4bPIg7VGvwr2DBUtD9euUajnmpFFDhRAHyt/DfISPS/twL7ECsG', `last_ip` = '100.68.34.77', `creation_date` = 2024-12-14 16:55:52.09, `last_seen` = 2026-01-05 23:31:03.169, `email` = null, `discord` = null, `settings` = '{"settings":[{"value":"es","key":"language"}],"version":0}' WHERE `ai` = 1" (applied to [last_seen, settings] columns)
[2026/01/05 23:31:33]: §3[nLogin] [DEBUG] [SQLite] [UPDATE]: "UPDATE `nlogin` SET `last_name` = 'Mdinqt', `unique_id` = f1afec0ddcc839178765ef5f0051b637,  `mojang_id` = null,  `bedrock_id` = null,  `password` = '$2a$10$kZ4bPIg7VGvwr2DBUtD9euUajnmpFFDhRAHyt/DfISPS/twL7ECsG', `last_ip` = '100.68.34.77', `creation_date` = 2024-12-14 16:55:52.09, `last_seen` = 2026-01-05 23:31:33.481, `email` = null, `discord` = null, `settings` = '{"settings":[{"value":"es","key":"language"}],"version":0}' WHERE `ai` = 1" (applied to [last_ip, last_seen, settings] columns)
[2026/01/05 23:31:33]: [nLogin] The user Mdinqt has successfully logged in.
[2026/01/05 23:33:54]: §3[nLogin] [DEBUG] [SQLite] [UPDATE]: "UPDATE `nlogin` SET `last_name` = 'Mdinqt', `unique_id` = f1afec0ddcc839178765ef5f0051b637,  `mojang_id` = null,  `bedrock_id` = null,  `password` = '$2a$10$kZ4bPIg7VGvwr2DBUtD9euUajnmpFFDhRAHyt/DfISPS/twL7ECsG', `last_ip` = '100.68.34.77', `creation_date` = 2024-12-14 16:55:52.09, `last_seen` = 2026-01-05 23:33:54.523, `email` = null, `discord` = null, `settings` = '{"settings":[{"value":"es","key":"language"}],"version":0}' WHERE `ai` = 1" (applied to [last_seen, settings] columns)
[2026/01/05 23:34:04]: [nLogin] Successful plugin core shutdown (took 0.00s)
